成功从 /home/users/lichuan/shared/jld2csv/trips_150103.jld2_trips.csv 加载并预处理数据。
--- 手动时间转换测试 ---
Unix 1420243200.0 -> Datetime: 2015-01-03 00:00:00 UTC
Datetime '2015-01-03 00:03:05' (assumed UTC if not specified in conversion) -> Unix: 1420243385.0
--------------------------

--- CSV样本时间转换验证 (前几条记录的起始时间) ---
原始Unix时间戳: 1420243200.0 -> 转换后: 2015-01-03 00:00:00 UTC
原始Unix时间戳: 1420243200.0 -> 转换后: 2015-01-03 00:00:00 UTC
原始Unix时间戳: 1420243200.0 -> 转换后: 2015-01-03 00:00:00 UTC
原始Unix时间戳: 1420243200.0 -> 转换后: 2015-01-03 00:00:00 UTC
原始Unix时间戳: 1420243200.0 -> 转换后: 2015-01-03 00:00:00 UTC
---------------------------------------------------

--- 数据集时间范围检查 ---
数据集中最早的时间戳: 1420243200.0 -> 2015-01-03 00:00:00 UTC
数据集中最晚的时间戳: 1420329599.0 -> 2015-01-03 23:59:59 UTC
---------------------------

--- 每小时轨迹数量统计 ---
小时 00:00 - 00:59 : 4272 条轨迹
小时 01:00 - 01:59 : 2133 条轨迹
小时 02:00 - 02:59 : 1600 条轨迹
小时 03:00 - 03:59 : 1348 条轨迹
小时 04:00 - 04:59 : 1607 条轨迹
小时 05:00 - 05:59 : 2974 条轨迹
小时 06:00 - 06:59 : 4878 条轨迹
小时 07:00 - 07:59 : 7039 条轨迹
小时 08:00 - 08:59 : 8207 条轨迹
小时 09:00 - 09:59 : 8675 条轨迹
小时 10:00 - 10:59 : 9470 条轨迹
小时 11:00 - 11:59 : 9299 条轨迹
小时 12:00 - 12:59 : 9103 条轨迹
小时 13:00 - 13:59 : 9528 条轨迹
小时 14:00 - 14:59 : 9280 条轨迹
小时 15:00 - 15:59 : 9656 条轨迹
小时 16:00 - 16:59 : 9033 条轨迹
小时 17:00 - 17:59 : 8779 条轨迹
小时 18:00 - 18:59 : 7681 条轨迹
小时 19:00 - 19:59 : 7016 条轨迹
小时 20:00 - 20:59 : 6459 条轨迹
小时 21:00 - 21:59 : 5828 条轨迹
小时 22:00 - 22:59 : 4998 条轨迹
小时 23:00 - 23:59 : 3690 条轨迹
----------------------------

--- 调用 api21_top_congested_roads ---
查询时间范围: 2015-01-03 19:00:00 到 2015-01-03 20:00:00
API 调用将使用 Unix 开始时间: 1420311600.0
API 调用将使用 Unix 结束时间: 1420315200.0
-------------------------------------

Top 10 Congested Roads and their counts:
Road ID: 20610, Congestion Count: 66
Road ID: 958, Congestion Count: 54
Road ID: 11168, Congestion Count: 52
Road ID: 13796, Congestion Count: 52
Road ID: 11264, Congestion Count: 47
Road ID: 4182, Congestion Count: 46
Road ID: 8382, Congestion Count: 43
Road ID: 2598, Congestion Count: 43
Road ID: 49, Congestion Count: 42
Road ID: 11853, Congestion Count: 39
